
[0m[2m[35m$[0m [2m[1mrm -rf dist && tsup bundle/index.ts bundle/rsc.tsx bundle/no-external.ts bundle/internal.ts[0m
[34mCLI[39m Building entry: bundle/index.ts, bundle/internal.ts, bundle/no-external.ts, bundle/rsc.tsx
[34mCLI[39m Using tsconfig: tsconfig.json
[34mCLI[39m tsup v8.5.1
[34mCLI[39m Using tsup config: /home/rasyiqi/Project/Next_CMS/packages/core/tsup.config.ts
[34mCLI[39m Target: es6
[34mCJS[39m Build start
[34mESM[39m Build start
DTS Build start
[32mESM[39m [1mdist/Editor-XGZPZSKE.mjs [22m[32m5.52 KB[39m
[32mESM[39m [1mdist/Render-DUXKIG65.mjs [22m[32m1.68 KB[39m
[32mESM[39m [1mdist/index.mjs           [22m[32m1.36 KB[39m
[32mESM[39m [1mdist/no-external.mjs     [22m[32m1.37 KB[39m
[32mESM[39m [1mdist/chunk-7WSZLGMT.mjs  [22m[32m297.11 KB[39m
[32mESM[39m [1mdist/internal.mjs        [22m[32m219.00 B[39m
[32mESM[39m [1mdist/chunk-ZWUYWPFW.mjs  [22m[32m3.09 KB[39m
[32mESM[39m [1mdist/rsc.mjs             [22m[32m3.55 KB[39m
[32mESM[39m [1mdist/chunk-N2HVFSAJ.mjs  [22m[32m15.22 KB[39m
[32mESM[39m [1mdist/loaded-26BTHMU3.mjs [22m[32m1.70 KB[39m
[32mESM[39m [1mdist/chunk-R5YUE6W3.mjs  [22m[32m563.00 B[39m
[32mESM[39m [1mdist/loaded-5L6TJTFU.mjs [22m[32m1.65 KB[39m
[32mESM[39m [1mdist/loaded-5BNYMATS.mjs [22m[32m1.59 KB[39m
[32mESM[39m [1mdist/full-OMAMNWPF.mjs   [22m[32m3.78 KB[39m
[32mESM[39m [1mdist/chunk-JUAI52VK.mjs  [22m[32m21.21 KB[39m
[32mESM[39m [1mdist/chunk-MOSSW4PY.mjs  [22m[32m1.74 KB[39m
[32mESM[39m [1mdist/chunk-KWPC5RYA.mjs  [22m[32m1.99 KB[39m
[32mESM[39m [1mdist/chunk-S2L7N667.mjs  [22m[32m842.00 B[39m
[32mESM[39m [1mdist/chunk-7PHQFANX.mjs  [22m[32m68.37 KB[39m
[32mESM[39m [1mdist/chunk-MQAN4F4B.mjs  [22m[32m15.47 KB[39m
[32mESM[39m [1mdist/chunk-CYQ2TPPM.mjs  [22m[32m3.05 KB[39m
[32mESM[39m [1mdist/chunk-Y5AAKZ45.mjs  [22m[32m12.83 KB[39m
[32mESM[39m [1mdist/chunk-QGRPODT7.mjs  [22m[32m4.46 KB[39m
[32mESM[39m [1mdist/chunk-2TADFG6T.mjs  [22m[32m3.44 KB[39m
[32mESM[39m [1mdist/Editor-C5GZOERP.css [22m[32m10.85 KB[39m
[32mESM[39m [1mdist/Render-TYLR6DLN.css [22m[32m2.96 KB[39m
[32mESM[39m [1mdist/index.css           [22m[32m70.69 KB[39m
[32mESM[39m [1mdist/no-external.css     [22m[32m70.65 KB[39m
[32mESM[39m [1mdist/rsc.css             [22m[32m2.96 KB[39m
[32mESM[39m [1mdist/chunk-YWDTJACI.mjs  [22m[32m3.47 KB[39m
[32mESM[39m [1mdist/full-ZCAMB7CB.css   [22m[32m7.89 KB[39m
[32mESM[39m [1mdist/loaded-4GYBDC6K.css [22m[32m2.28 KB[39m
[32mESM[39m ⚡️ Build success in 1268ms
[32mCJS[39m [1mdist/internal.js     [22m[32m28.79 KB[39m
[32mCJS[39m [1mdist/rsc.js          [22m[32m49.70 KB[39m
[32mCJS[39m [1mdist/no-external.js  [22m[32m531.13 KB[39m
[32mCJS[39m [1mdist/index.js        [22m[32m531.10 KB[39m
[32mCJS[39m [1mdist/index.css       [22m[32m70.69 KB[39m
[32mCJS[39m [1mdist/no-external.css [22m[32m70.65 KB[39m
[32mCJS[39m [1mdist/rsc.css         [22m[32m2.96 KB[39m
[32mCJS[39m ⚡️ Build success in 1457ms
DTS ⚡️ Build success in 9313ms
DTS dist/internal.d.ts            1.08 KB
DTS dist/rsc.d.ts                 1.07 KB
DTS dist/index.d.ts               13.35 KB
DTS dist/no-external.d.ts         2.66 KB
DTS dist/walk-tree-B4ZvMfxS.d.ts  2.07 KB
DTS dist/index-CkSfgrvw.d.ts      4.58 KB
DTS dist/actions-CEH_5LMY.d.ts    32.24 KB
DTS dist/internal.d.mts           1.08 KB
DTS dist/rsc.d.mts                1.07 KB
DTS dist/index.d.mts              13.35 KB
DTS dist/no-external.d.mts        2.66 KB
DTS dist/walk-tree-C78ZVz19.d.mts 2.07 KB
DTS dist/index-Cxwg4vUV.d.mts     4.58 KB
DTS dist/actions-CEH_5LMY.d.mts   32.24 KB
